DEBUG   |161024 13:46:12|Fetching filter data from database
DEBUG   |161024 13:46:12|Loading filters
DEBUG   |161024 13:46:12|-- Loading filter Extradirs
DEBUG   |161024 13:46:12|-- Loading filter Tabledata
DEBUG   |161024 13:46:12|-- Loading filter Files
DEBUG   |161024 13:46:12|-- Loading filter Regexdirectories
DEBUG   |161024 13:46:12|-- Loading filter Skipdirs
DEBUG   |161024 13:46:12|-- Loading filter Regexskipfiles
DEBUG   |161024 13:46:12|-- Loading filter Directories
DEBUG   |161024 13:46:12|-- Loading filter Incremental
DEBUG   |161024 13:46:12|-- Loading filter Regexfiles
DEBUG   |161024 13:46:12|-- Loading filter Skipfiles
DEBUG   |161024 13:46:12|-- Loading filter Multidb
DEBUG   |161024 13:46:12|-- Loading filter Regexskipdirs
DEBUG   |161024 13:46:12|-- Loading filter Regextables
DEBUG   |161024 13:46:12|-- Loading filter Regextabledata
DEBUG   |161024 13:46:12|-- Loading filter Tables
DEBUG   |161024 13:46:12|-- Loading filter Excludefiles
DEBUG   |161024 13:46:12|-- Loading filter Siteroot
DEBUG   |161024 13:46:12|-- Loading filter Joomlaskipfiles
DEBUG   |161024 13:46:12|-- Loading filter Cvsfolders
DEBUG   |161024 13:46:12|-- Loading filter Sitedb
DEBUG   |161024 13:46:12|-- Loading filter Libraries
DEBUG   |161024 13:46:12|-- Loading filter Joomlaskipdirs
DEBUG   |161024 13:46:12|-- Loading filter Excludefolders
DEBUG   |161024 13:46:12|-- Loading filter Systemcachefiles
DEBUG   |161024 13:46:12|-- Loading filter Excludetabledata
DEBUG   |161024 13:46:12|Loading optional filters
DEBUG   |161024 13:46:12|-- Loading optional filter Stack\StackErrorlogs
DEBUG   |161024 13:46:12|-- Loading optional filter Stack\StackHoststats
DEBUG   |161024 13:46:12|-- Loading optional filter Stack\StackMyjoomla
DEBUG   |161024 13:46:12|-- Loading optional filter Stack\StackFinder
DEBUG   |161024 13:47:37|Fetching filter data from database
DEBUG   |161024 13:47:37|Loading filters
DEBUG   |161024 13:47:37|-- Loading filter Extradirs
DEBUG   |161024 13:47:37|-- Loading filter Tabledata
DEBUG   |161024 13:47:37|-- Loading filter Files
DEBUG   |161024 13:47:37|-- Loading filter Regexdirectories
DEBUG   |161024 13:47:37|-- Loading filter Skipdirs
DEBUG   |161024 13:47:37|-- Loading filter Regexskipfiles
DEBUG   |161024 13:47:37|-- Loading filter Directories
DEBUG   |161024 13:47:37|-- Loading filter Incremental
DEBUG   |161024 13:47:37|-- Loading filter Regexfiles
DEBUG   |161024 13:47:37|-- Loading filter Skipfiles
DEBUG   |161024 13:47:37|-- Loading filter Multidb
DEBUG   |161024 13:47:37|-- Loading filter Regexskipdirs
DEBUG   |161024 13:47:37|-- Loading filter Regextables
DEBUG   |161024 13:47:37|-- Loading filter Regextabledata
DEBUG   |161024 13:47:37|-- Loading filter Tables
DEBUG   |161024 13:47:37|-- Loading filter Excludefiles
DEBUG   |161024 13:47:37|-- Loading filter Siteroot
DEBUG   |161024 13:47:37|-- Loading filter Joomlaskipfiles
DEBUG   |161024 13:47:37|-- Loading filter Cvsfolders
DEBUG   |161024 13:47:37|-- Loading filter Sitedb
DEBUG   |161024 13:47:37|-- Loading filter Libraries
DEBUG   |161024 13:47:37|-- Loading filter Joomlaskipdirs
DEBUG   |161024 13:47:37|-- Loading filter Excludefolders
DEBUG   |161024 13:47:37|-- Loading filter Systemcachefiles
DEBUG   |161024 13:47:37|-- Loading filter Excludetabledata
DEBUG   |161024 13:47:37|Loading optional filters
DEBUG   |161024 13:47:37|-- Loading optional filter Stack\StackErrorlogs
DEBUG   |161024 13:47:37|-- Loading optional filter Stack\StackHoststats
DEBUG   |161024 13:47:37|-- Loading optional filter Stack\StackMyjoomla
DEBUG   |161024 13:47:37|-- Loading optional filter Stack\StackFinder
DEBUG   |161024 13:50:26|Fetching filter data from database
DEBUG   |161024 13:50:26|Loading filters
DEBUG   |161024 13:50:26|-- Loading filter Extradirs
DEBUG   |161024 13:50:26|-- Loading filter Tabledata
DEBUG   |161024 13:50:26|-- Loading filter Files
DEBUG   |161024 13:50:26|-- Loading filter Regexdirectories
DEBUG   |161024 13:50:26|-- Loading filter Skipdirs
DEBUG   |161024 13:50:26|-- Loading filter Regexskipfiles
DEBUG   |161024 13:50:26|-- Loading filter Directories
DEBUG   |161024 13:50:26|-- Loading filter Incremental
DEBUG   |161024 13:50:26|-- Loading filter Regexfiles
DEBUG   |161024 13:50:26|-- Loading filter Skipfiles
DEBUG   |161024 13:50:26|-- Loading filter Multidb
DEBUG   |161024 13:50:26|-- Loading filter Regexskipdirs
DEBUG   |161024 13:50:26|-- Loading filter Regextables
DEBUG   |161024 13:50:26|-- Loading filter Regextabledata
DEBUG   |161024 13:50:26|-- Loading filter Tables
DEBUG   |161024 13:50:26|-- Loading filter Excludefiles
DEBUG   |161024 13:50:26|-- Loading filter Siteroot
DEBUG   |161024 13:50:26|-- Loading filter Joomlaskipfiles
DEBUG   |161024 13:50:26|-- Loading filter Cvsfolders
DEBUG   |161024 13:50:26|-- Loading filter Sitedb
DEBUG   |161024 13:50:26|-- Loading filter Libraries
DEBUG   |161024 13:50:26|-- Loading filter Joomlaskipdirs
DEBUG   |161024 13:50:26|-- Loading filter Excludefolders
DEBUG   |161024 13:50:26|-- Loading filter Systemcachefiles
DEBUG   |161024 13:50:26|-- Loading filter Excludetabledata
DEBUG   |161024 13:50:26|Loading optional filters
DEBUG   |161024 13:50:26|-- Loading optional filter Stack\StackErrorlogs
DEBUG   |161024 13:50:26|-- Loading optional filter Stack\StackHoststats
DEBUG   |161024 13:50:26|-- Loading optional filter Stack\StackMyjoomla
DEBUG   |161024 13:50:26|-- Loading optional filter Stack\StackFinder
DEBUG   |161024 13:52:39|Fetching filter data from database
DEBUG   |161024 13:52:39|Loading filters
DEBUG   |161024 13:52:39|-- Loading filter Extradirs
DEBUG   |161024 13:52:39|-- Loading filter Tabledata
DEBUG   |161024 13:52:39|-- Loading filter Files
DEBUG   |161024 13:52:39|-- Loading filter Regexdirectories
DEBUG   |161024 13:52:39|-- Loading filter Skipdirs
DEBUG   |161024 13:52:39|-- Loading filter Regexskipfiles
DEBUG   |161024 13:52:39|-- Loading filter Directories
DEBUG   |161024 13:52:39|-- Loading filter Incremental
DEBUG   |161024 13:52:39|-- Loading filter Regexfiles
DEBUG   |161024 13:52:39|-- Loading filter Skipfiles
DEBUG   |161024 13:52:39|-- Loading filter Multidb
DEBUG   |161024 13:52:39|-- Loading filter Regexskipdirs
DEBUG   |161024 13:52:39|-- Loading filter Regextables
DEBUG   |161024 13:52:39|-- Loading filter Regextabledata
DEBUG   |161024 13:52:39|-- Loading filter Tables
DEBUG   |161024 13:52:39|-- Loading filter Excludefiles
DEBUG   |161024 13:52:39|-- Loading filter Siteroot
DEBUG   |161024 13:52:39|-- Loading filter Joomlaskipfiles
DEBUG   |161024 13:52:39|-- Loading filter Cvsfolders
DEBUG   |161024 13:52:39|-- Loading filter Sitedb
DEBUG   |161024 13:52:39|-- Loading filter Libraries
DEBUG   |161024 13:52:39|-- Loading filter Joomlaskipdirs
DEBUG   |161024 13:52:39|-- Loading filter Excludefolders
DEBUG   |161024 13:52:39|-- Loading filter Systemcachefiles
DEBUG   |161024 13:52:39|-- Loading filter Excludetabledata
DEBUG   |161024 13:52:39|Loading optional filters
DEBUG   |161024 13:52:39|-- Loading optional filter Stack\StackErrorlogs
DEBUG   |161024 13:52:39|-- Loading optional filter Stack\StackHoststats
DEBUG   |161024 13:52:39|-- Loading optional filter Stack\StackMyjoomla
DEBUG   |161024 13:52:39|-- Loading optional filter Stack\StackFinder
DEBUG   |161024 13:53:00|Fetching filter data from database
DEBUG   |161024 13:53:00|Loading filters
DEBUG   |161024 13:53:00|-- Loading filter Extradirs
DEBUG   |161024 13:53:00|-- Loading filter Tabledata
DEBUG   |161024 13:53:00|-- Loading filter Files
DEBUG   |161024 13:53:00|-- Loading filter Regexdirectories
DEBUG   |161024 13:53:00|-- Loading filter Skipdirs
DEBUG   |161024 13:53:00|-- Loading filter Regexskipfiles
DEBUG   |161024 13:53:00|-- Loading filter Directories
DEBUG   |161024 13:53:00|-- Loading filter Incremental
DEBUG   |161024 13:53:00|-- Loading filter Regexfiles
DEBUG   |161024 13:53:00|-- Loading filter Skipfiles
DEBUG   |161024 13:53:00|-- Loading filter Multidb
DEBUG   |161024 13:53:00|-- Loading filter Regexskipdirs
DEBUG   |161024 13:53:00|-- Loading filter Regextables
DEBUG   |161024 13:53:00|-- Loading filter Regextabledata
DEBUG   |161024 13:53:00|-- Loading filter Tables
DEBUG   |161024 13:53:00|-- Loading filter Excludefiles
DEBUG   |161024 13:53:00|-- Loading filter Siteroot
DEBUG   |161024 13:53:00|-- Loading filter Joomlaskipfiles
DEBUG   |161024 13:53:00|-- Loading filter Cvsfolders
DEBUG   |161024 13:53:00|-- Loading filter Sitedb
DEBUG   |161024 13:53:00|-- Loading filter Libraries
DEBUG   |161024 13:53:00|-- Loading filter Joomlaskipdirs
DEBUG   |161024 13:53:00|-- Loading filter Excludefolders
DEBUG   |161024 13:53:00|-- Loading filter Systemcachefiles
DEBUG   |161024 13:53:00|-- Loading filter Excludetabledata
DEBUG   |161024 13:53:00|Loading optional filters
DEBUG   |161024 13:53:00|-- Loading optional filter Stack\StackErrorlogs
DEBUG   |161024 13:53:00|-- Loading optional filter Stack\StackHoststats
DEBUG   |161024 13:53:00|-- Loading optional filter Stack\StackMyjoomla
DEBUG   |161024 13:53:00|-- Loading optional filter Stack\StackFinder
DEBUG   |161024 13:54:36|Fetching filter data from database
DEBUG   |161024 13:54:36|Loading filters
DEBUG   |161024 13:54:36|-- Loading filter Extradirs
DEBUG   |161024 13:54:36|-- Loading filter Tabledata
DEBUG   |161024 13:54:36|-- Loading filter Files
DEBUG   |161024 13:54:36|-- Loading filter Regexdirectories
DEBUG   |161024 13:54:36|-- Loading filter Skipdirs
DEBUG   |161024 13:54:36|-- Loading filter Regexskipfiles
DEBUG   |161024 13:54:36|-- Loading filter Directories
DEBUG   |161024 13:54:36|-- Loading filter Incremental
DEBUG   |161024 13:54:36|-- Loading filter Regexfiles
DEBUG   |161024 13:54:36|-- Loading filter Skipfiles
DEBUG   |161024 13:54:36|-- Loading filter Multidb
DEBUG   |161024 13:54:36|-- Loading filter Regexskipdirs
DEBUG   |161024 13:54:36|-- Loading filter Regextables
DEBUG   |161024 13:54:36|-- Loading filter Regextabledata
DEBUG   |161024 13:54:36|-- Loading filter Tables
DEBUG   |161024 13:54:36|-- Loading filter Excludefiles
DEBUG   |161024 13:54:36|-- Loading filter Siteroot
DEBUG   |161024 13:54:36|-- Loading filter Joomlaskipfiles
DEBUG   |161024 13:54:36|-- Loading filter Cvsfolders
DEBUG   |161024 13:54:36|-- Loading filter Sitedb
DEBUG   |161024 13:54:36|-- Loading filter Libraries
DEBUG   |161024 13:54:36|-- Loading filter Joomlaskipdirs
DEBUG   |161024 13:54:36|-- Loading filter Excludefolders
DEBUG   |161024 13:54:36|-- Loading filter Systemcachefiles
DEBUG   |161024 13:54:36|-- Loading filter Excludetabledata
DEBUG   |161024 13:54:36|Loading optional filters
DEBUG   |161024 13:54:36|-- Loading optional filter Stack\StackErrorlogs
DEBUG   |161024 13:54:36|-- Loading optional filter Stack\StackHoststats
DEBUG   |161024 13:54:36|-- Loading optional filter Stack\StackMyjoomla
DEBUG   |161024 13:54:36|-- Loading optional filter Stack\StackFinder
DEBUG   |161024 13:55:22|Fetching filter data from database
DEBUG   |161024 13:55:22|Loading filters
DEBUG   |161024 13:55:22|-- Loading filter Extradirs
DEBUG   |161024 13:55:22|-- Loading filter Tabledata
DEBUG   |161024 13:55:22|-- Loading filter Files
DEBUG   |161024 13:55:22|-- Loading filter Regexdirectories
DEBUG   |161024 13:55:22|-- Loading filter Skipdirs
DEBUG   |161024 13:55:22|-- Loading filter Regexskipfiles
DEBUG   |161024 13:55:22|-- Loading filter Directories
DEBUG   |161024 13:55:22|-- Loading filter Incremental
DEBUG   |161024 13:55:22|-- Loading filter Regexfiles
DEBUG   |161024 13:55:22|-- Loading filter Skipfiles
DEBUG   |161024 13:55:22|-- Loading filter Multidb
DEBUG   |161024 13:55:22|-- Loading filter Regexskipdirs
DEBUG   |161024 13:55:22|-- Loading filter Regextables
DEBUG   |161024 13:55:22|-- Loading filter Regextabledata
DEBUG   |161024 13:55:22|-- Loading filter Tables
DEBUG   |161024 13:55:22|-- Loading filter Excludefiles
DEBUG   |161024 13:55:22|-- Loading filter Siteroot
DEBUG   |161024 13:55:22|-- Loading filter Joomlaskipfiles
DEBUG   |161024 13:55:22|-- Loading filter Cvsfolders
DEBUG   |161024 13:55:22|-- Loading filter Sitedb
DEBUG   |161024 13:55:22|-- Loading filter Libraries
DEBUG   |161024 13:55:22|-- Loading filter Joomlaskipdirs
DEBUG   |161024 13:55:22|-- Loading filter Excludefolders
DEBUG   |161024 13:55:22|-- Loading filter Systemcachefiles
DEBUG   |161024 13:55:22|-- Loading filter Excludetabledata
DEBUG   |161024 13:55:22|Loading optional filters
DEBUG   |161024 13:55:22|-- Loading optional filter Stack\StackErrorlogs
DEBUG   |161024 13:55:22|-- Loading optional filter Stack\StackHoststats
DEBUG   |161024 13:55:22|-- Loading optional filter Stack\StackMyjoomla
DEBUG   |161024 13:55:22|-- Loading optional filter Stack\StackFinder
DEBUG   |161024 13:55:31|Fetching filter data from database
DEBUG   |161024 13:55:31|Loading filters
DEBUG   |161024 13:55:31|-- Loading filter Extradirs
DEBUG   |161024 13:55:31|-- Loading filter Tabledata
DEBUG   |161024 13:55:31|-- Loading filter Files
DEBUG   |161024 13:55:31|-- Loading filter Regexdirectories
DEBUG   |161024 13:55:31|-- Loading filter Skipdirs
DEBUG   |161024 13:55:31|-- Loading filter Regexskipfiles
DEBUG   |161024 13:55:31|-- Loading filter Directories
DEBUG   |161024 13:55:31|-- Loading filter Incremental
DEBUG   |161024 13:55:31|-- Loading filter Regexfiles
DEBUG   |161024 13:55:31|-- Loading filter Skipfiles
DEBUG   |161024 13:55:31|-- Loading filter Multidb
DEBUG   |161024 13:55:31|-- Loading filter Regexskipdirs
DEBUG   |161024 13:55:31|-- Loading filter Regextables
DEBUG   |161024 13:55:31|-- Loading filter Regextabledata
DEBUG   |161024 13:55:31|-- Loading filter Tables
DEBUG   |161024 13:55:31|-- Loading filter Excludefiles
DEBUG   |161024 13:55:31|-- Loading filter Siteroot
DEBUG   |161024 13:55:31|-- Loading filter Joomlaskipfiles
DEBUG   |161024 13:55:31|-- Loading filter Cvsfolders
DEBUG   |161024 13:55:31|-- Loading filter Sitedb
DEBUG   |161024 13:55:31|-- Loading filter Libraries
DEBUG   |161024 13:55:31|-- Loading filter Joomlaskipdirs
DEBUG   |161024 13:55:31|-- Loading filter Excludefolders
DEBUG   |161024 13:55:31|-- Loading filter Systemcachefiles
DEBUG   |161024 13:55:31|-- Loading filter Excludetabledata
DEBUG   |161024 13:55:31|Loading optional filters
DEBUG   |161024 13:55:31|-- Loading optional filter Stack\StackErrorlogs
DEBUG   |161024 13:55:31|-- Loading optional filter Stack\StackHoststats
DEBUG   |161024 13:55:31|-- Loading optional filter Stack\StackMyjoomla
DEBUG   |161024 13:55:31|-- Loading optional filter Stack\StackFinder
